<?xml version="1.0" encoding="UTF-8"?>
<!-- Generated by org.testng.reporters.JUnitXMLReporter -->
<testsuite ignored="0" hostname="Hassans-MBP" failures="1" tests="2" name="Surefire test" time="8.362" errors="0" timestamp="2023-10-19T21:01:31 EDT">
  <testcase classname="io.cucumber.testng.AbstractTestNGCucumberTests" name="runScenario" time="4.826"/>
  <testcase classname="io.cucumber.testng.AbstractTestNGCucumberTests" name="runScenario" time="2.953">
    <failure type="java.lang.AssertionError" message="expected [Swag Labsssss] but found [Swag Labs]">
      <![CDATA[java.lang.AssertionError: expected [Swag Labsssss] but found [Swag Labs]
at pageObject.SauceDemoLogin_page.verifyLogoName(SauceDemoLogin_page.java:30)
at stepDef.SauceDemo_step.verifyLogoNameForSauceDemo(SauceDemo_step.java:39)
at âœ½.Verify logo name for SauceDemo(file:///Users/hbhuiyan/Documents/TalentTEK/GitStuff/CFW_Online_Batch23/src/test/java/features/SauceDemo.feature:13)
... Removed 6 stack frames]]>
    </failure>
  </testcase> <!-- runScenario -->
</testsuite> <!-- Surefire test -->
