<?xml version="1.0" encoding="UTF-8"?>
<!-- Generated by org.testng.reporters.JUnitReportReporter -->
<testsuite hostname="Hassans-MBP" failures="1" tests="2" name="TestRunner" time="7.779" errors="0" timestamp="2023-10-19T21:01:31 EDT" skipped="0">
  <testcase classname="TestRunner" name="runScenario" time="4.826"/>
  <testcase classname="TestRunner" name="runScenario" time="2.953">
    <failure message="expected [Swag Labsssss] but found [Swag Labs]" type="java.lang.AssertionError">
      <![CDATA[java.lang.AssertionError: expected [Swag Labsssss] but found [Swag Labs]
at org.testng.Assert.fail(Assert.java:111)
at org.testng.Assert.failNotEquals(Assert.java:1578)
at org.testng.Assert.assertEqualsImpl(Assert.java:150)
at org.testng.Assert.assertEquals(Assert.java:132)
at org.testng.Assert.assertEquals(Assert.java:656)
at org.testng.Assert.assertEquals(Assert.java:666)
at pageObject.SauceDemoLogin_page.verifyLogoName(SauceDemoLogin_page.java:30)
at stepDef.SauceDemo_step.verifyLogoNameForSauceDemo(SauceDemo_step.java:39)
at âœ½.Verify logo name for SauceDemo(file:///Users/hbhuiyan/Documents/TalentTEK/GitStuff/CFW_Online_Batch23/src/test/java/features/SauceDemo.feature:13)
]]>
    </failure>
  </testcase> <!-- runScenario -->
</testsuite> <!-- TestRunner -->
